2023-12-13T11:06:37+00:00 CRITICAL Uncaught TypeError: customProductsAdd(): Argument #1 ($productArray) must be of type array, null given, called in /home/customer/www/carefree.unbot.com/public_html/api/receive-config.php on line 70 and defined in /home/customer/www/carefree.unbot.com/public_html/api/receive-config.php:72
Stack trace:
#0 /home/customer/www/carefree.unbot.com/public_html/api/receive-config.php(70): customProductsAdd(NULL, NULL)
#1 {main}
  thrown in /home/customer/www/carefree.unbot.com/public_html/api/receive-config.php on line 72

2023-12-13T11:15:35+00:00 CRITICAL Uncaught TypeError: customProductsAdd(): Argument #1 ($productArray) must be of type array, null given, called in /home/customer/www/carefree.unbot.com/public_html/api/receive-config.php on line 70 and defined in /home/customer/www/carefree.unbot.com/public_html/api/receive-config.php:72
Stack trace:
#0 /home/customer/www/carefree.unbot.com/public_html/api/receive-config.php(70): customProductsAdd(NULL)
#1 {main}
  thrown in /home/customer/www/carefree.unbot.com/public_html/api/receive-config.php on line 72

2023-12-13T11:15:39+00:00 CRITICAL Uncaught TypeError: customProductsAdd(): Argument #1 ($productArray) must be of type array, null given, called in /home/customer/www/carefree.unbot.com/public_html/api/receive-config.php on line 70 and defined in /home/customer/www/carefree.unbot.com/public_html/api/receive-config.php:72
Stack trace:
#0 /home/customer/www/carefree.unbot.com/public_html/api/receive-config.php(70): customProductsAdd(NULL)
#1 {main}
  thrown in /home/customer/www/carefree.unbot.com/public_html/api/receive-config.php on line 72

2023-12-13T11:15:42+00:00 CRITICAL Uncaught TypeError: customProductsAdd(): Argument #1 ($productArray) must be of type array, null given, called in /home/customer/www/carefree.unbot.com/public_html/api/receive-config.php on line 70 and defined in /home/customer/www/carefree.unbot.com/public_html/api/receive-config.php:72
Stack trace:
#0 /home/customer/www/carefree.unbot.com/public_html/api/receive-config.php(70): customProductsAdd(NULL)
#1 {main}
  thrown in /home/customer/www/carefree.unbot.com/public_html/api/receive-config.php on line 72

2023-12-13T11:48:40+00:00 CRITICAL Uncaught TypeError: customProductsAdd(): Argument #1 ($productArray) must be of type array, null given, called in /home/customer/www/carefree.unbot.com/public_html/api/receive-config.php on line 70 and defined in /home/customer/www/carefree.unbot.com/public_html/api/receive-config.php:72
Stack trace:
#0 /home/customer/www/carefree.unbot.com/public_html/api/receive-config.php(70): customProductsAdd(NULL)
#1 {main}
  thrown in /home/customer/www/carefree.unbot.com/public_html/api/receive-config.php on line 72

2023-12-13T11:48:41+00:00 CRITICAL Uncaught TypeError: customProductsAdd(): Argument #1 ($productArray) must be of type array, null given, called in /home/customer/www/carefree.unbot.com/public_html/api/receive-config.php on line 70 and defined in /home/customer/www/carefree.unbot.com/public_html/api/receive-config.php:72
Stack trace:
#0 /home/customer/www/carefree.unbot.com/public_html/api/receive-config.php(70): customProductsAdd(NULL)
#1 {main}
  thrown in /home/customer/www/carefree.unbot.com/public_html/api/receive-config.php on line 72

2023-12-13T14:11:03+00:00 CRITICAL syntax error, unexpected string content "valu", expecting "]" in /home/customer/www/carefree.unbot.com/public_html/wp-content/themes/carefree-of-colorado-divi-child-theme/functions.php on line 1451

