2023-12-15T08:07:39+00:00 CRITICAL Cannot use [] for reading in /home/customer/www/carefree.unbot.com/public_html/wp-content/themes/carefree-of-colorado-divi-child-theme/functions.php on line 1878

2023-12-15T13:18:16+00:00 CRITICAL syntax error, unexpected token "*" in /home/customer/www/carefree.unbot.com/public_html/wp-content/themes/carefree-of-colorado-divi-child-theme/functions.php on line 1903

2023-12-15T13:25:23+00:00 CRITICAL Unclosed '{' on line 1870 in /home/customer/www/carefree.unbot.com/public_html/wp-content/themes/carefree-of-colorado-divi-child-theme/functions.php on line 1925

2023-12-15T14:07:39+00:00 CRITICAL Uncaught Error: Call to a member function get_sku() on bool in /home/customer/www/carefree.unbot.com/public_html/wp-content/themes/carefree-of-colorado-divi-child-theme/woocommerce/order/order-details-item.php:31
Stack trace:
#0 /home/customer/www/carefree.unbot.com/public_html/wp-content/plugins/woocommerce/includes/wc-core-functions.php(345): include()
#1 /home/customer/www/carefree.unbot.com/public_html/wp-content/themes/carefree-of-colorado-divi-child-theme/woocommerce/order/order-details.php(72): wc_get_template('order/order-det...', Array)
#2 /home/customer/www/carefree.unbot.com/public_html/wp-content/plugins/woocommerce/includes/wc-core-functions.php(345): include('/home/customer/...')
#3 /home/customer/www/carefree.unbot.com/public_html/wp-content/plugins/woocommerce/includes/wc-template-functions.php(2724): wc_get_template('order/order-det...', Array)
#4 /home/customer/www/carefree.unbot.com/public_html/wp-includes/class-wp-hook.php(324): woocommerce_order_details_table(86381)
#5 /home/customer/www/carefree.unbot.com/public_html/wp-includes/class-wp-hook.php(348): WP_Hook->apply_filters('', Array)
#6 /home/customer/www/carefree.unbot.com/public_html/wp-includes/plugin.php(517): WP_Hook->do_action(Array)
#7 /home/customer/www/carefree.unbot.com/public_html/wp-content/plugins/woocommerce/templates/checkout/thankyou.php(82): do_action('woocommerce_tha...', 86381)
#8 /home/customer/www/carefree.unbot.com/public_html/wp-content/plugins/woocommerce/includes/wc-core-functions.php(345): include('/home/customer/...')
#9 /home/customer/www/carefree.unbot.com/public_html/wp-content/plugins/woocommerce/includes/shortcodes/class-wc-shortcode-checkout.php(324): wc_get_template('checkout/thanky...', Array)
#10 /home/customer/www/carefree.unbot.com/public_html/wp-content/plugins/woocommerce/includes/shortcodes/class-wc-shortcode-checkout.php(63): WC_Shortcode_Checkout::order_received(86381)
#11 /home/customer/www/carefree.unbot.com/public_html/wp-content/themes/Divi/includes/builder/module/woocommerce/CheckoutPaymentInfo.php(606): WC_Shortcode_Checkout::output(Array)
#12 /home/customer/www/carefree.unbot.com/public_html/wp-content/themes/Divi/includes/builder/module/woocommerce/CheckoutPaymentInfo.php(663): ET_Builder_Module_Woocommerce_Checkout_Payment_Info::get_checkout_payment_info(Array)
#13 /home/customer/www/carefree.unbot.com/public_html/wp-content/themes/Divi/includes/builder/class-et-builder-element.php(3331): ET_Builder_Module_Woocommerce_Checkout_Payment_Info->render(Array, '', 'et_pb_wc_checko...', '', '', '', '', '')
#14 /home/customer/www/carefree.unbot.com/public_html/wp-includes/shortcodes.php(433): ET_Builder_Element->_render(Array, '', 'et_pb_wc_checko...')
#15 [internal function]: do_shortcode_tag(Array)
#16 /home/customer/www/carefree.unbot.com/public_html/wp-includes/shortcodes.php(273): preg_replace_callback('/\\[(\\[?)(et_pb_...', 'do_shortcode_ta...', '[et_pb_wc_check...')
#17 /home/customer/www/carefree.unbot.com/public_html/wp-content/themes/Divi/includes/builder/main-structure-elements.php(3784): do_shortcode('[et_pb_wc_check...')
#18 /home/customer/www/carefree.unbot.com/public_html/wp-content/themes/Divi/includes/builder/class-et-builder-element.php(3331): ET_Builder_Column->render(Array, '[et_pb_wc_check...', 'et_pb_column', '', '', '', '', '')
#19 /home/customer/www/carefree.unbot.com/public_html/wp-content/themes/Divi/includes/builder/class-et-builder-element.php(2747): ET_Builder_Element->_render(Array, '[et_pb_wc_check...', 'et_pb_column')
#20 /home/customer/www/carefree.unbot.com/public_html/wp-includes/shortcodes.php(433): ET_Builder_Element->_render(Array, '[et_pb_wc_check...', 'et_pb_column')
#21 [internal function]: do_shortcode_tag(Array)
#22 /home/customer/www/carefree.unbot.com/public_html/wp-includes/shortcodes.php(273): preg_replace_callback('/\\[(\\[?)(et_pb_...', 'do_shortcode_ta...', '[et_pb_column t...')
#23 /home/customer/www/carefree.unbot.com/public_html/wp-content/themes/Divi/includes/builder/main-structure-elements.php(2274): do_shortcode('[et_pb_column t...')
#24 /home/customer/www/carefree.unbot.com/public_html/wp-content/themes/Divi/includes/builder/class-et-builder-element.php(3331): ET_Builder_Row->render(Array, '[et_pb_column t...', 'et_pb_row', '', '', '', '', '')
#25 /home/customer/www/carefree.unbot.com/public_html/wp-content/themes/Divi/includes/builder/class-et-builder-element.php(2747): ET_Builder_Element->_render(Array, '[et_pb_column t...', 'et_pb_row')
#26 /home/customer/www/carefree.unbot.com/public_html/wp-includes/shortcodes.php(433): ET_Builder_Element->_render(Array, '[et_pb_column t...', 'et_pb_row')
#27 [internal function]: do_shortcode_tag(Array)
#28 /home/customer/www/carefree.unbot.com/public_html/wp-includes/shortcodes.php(273): preg_replace_callback('/\\[(\\[?)(et_pb_...', 'do_shortcode_ta...', '[et_pb_row modu...')
#29 /home/customer/www/carefree.unbot.com/public_html/wp-content/themes/Divi/includes/builder/main-structure-elements.php(1606): do_shortcode('[et_pb_row modu...')
#30 /home/customer/www/carefree.unbot.com/public_html/wp-content/themes/Divi/includes/builder/class-et-builder-element.php(3331): ET_Builder_Section->render(Array, '[et_pb_row modu...', 'et_pb_section', '', '', '', '', '')
#31 /home/customer/www/carefree.unbot.com/public_html/wp-content/themes/Divi/includes/builder/class-et-builder-element.php(2747): ET_Builder_Element->_render(Array, '[et_pb_row modu...', 'et_pb_section')
#32 /home/customer/www/carefree.unbot.com/public_html/wp-includes/shortcodes.php(433): ET_Builder_Element->_render(Array, '[et_pb_row modu...', 'et_pb_section')
#33 [internal function]: do_shortcode_tag(Array)
#34 /home/customer/www/carefree.unbot.com/public_html/wp-includes/shortcodes.php(273): preg_replace_callback('/\\[(\\[?)(dateto...', 'do_shortcode_ta...', '<div class="et-...')
#35 /home/customer/www/carefree.unbot.com/public_html/wp-includes/class-wp-hook.php(324): do_shortcode('<div class="et-...')
#36 /home/customer/www/carefree.unbot.com/public_html/wp-includes/plugin.php(205): WP_Hook->apply_filters('<div class="et-...', Array)
#37 /home/customer/www/carefree.unbot.com/public_html/wp-includes/post-template.php(256): apply_filters('the_content', '[et_pb_section ...')
#38 /home/customer/www/carefree.unbot.com/public_html/wp-content/themes/Divi/includes/builder/frontend-builder/theme-builder/frontend.php(658): the_content()
#39 /home/customer/www/carefree.unbot.com/public_html/wp-content/themes/Divi/includes/builder/module/type/PostContent.php(504): et_theme_builder_frontend_render_post_content()
#40 /home/customer/www/carefree.unbot.com/public_html/wp-content/themes/Divi/includes/builder/class-et-builder-element.php(3331): ET_Builder_Module_Type_PostContent->render(Array, '', 'et_pb_post_cont...', '', '', '', '', '')
#41 /home/customer/www/carefree.unbot.com/public_html/wp-includes/shortcodes.php(433): ET_Builder_Element->_render(Array, '', 'et_pb_post_cont...')
#42 [internal function]: do_shortcode_tag(Array)
#43 /home/customer/www/carefree.unbot.com/public_html/wp-includes/shortcodes.php(273): preg_replace_callback('/\\[(\\[?)(et_pb_...', 'do_shortcode_ta...', '[et_pb_post_con...')
#44 /home/customer/www/carefree.unbot.com/public_html/wp-content/themes/Divi/includes/builder/main-structure-elements.php(3784): do_shortcode('[et_pb_post_con...')
#45 /home/customer/www/carefree.unbot.com/public_html/wp-content/themes/Divi/includes/builder/class-et-builder-element.php(3331): ET_Builder_Column->render(Array, '[et_pb_post_con...', 'et_pb_column', '', '', '', '', '')
#46 /home/customer/www/carefree.unbot.com/public_html/wp-includes/shortcodes.php(433): ET_Builder_Element->_render(Array, '[et_pb_post_con...', 'et_pb_column')
#47 [internal function]: do_shortcode_tag(Array)
#48 /home/customer/www/carefree.unbot.com/public_html/wp-includes/shortcodes.php(273): preg_replace_callback('/\\[(\\[?)(et_pb_...', 'do_shortcode_ta...', '[et_pb_column t...')
#49 /home/customer/www/carefree.unbot.com/public_html/wp-content/themes/Divi/includes/builder/main-structure-elements.php(2274): do_shortcode('[et_pb_column t...')
#50 /home/customer/www/carefree.unbot.com/public_html/wp-content/themes/Divi/includes/builder/class-et-builder-element.php(3331): ET_Builder_Row->render(Array, '[et_pb_column t...', 'et_pb_row', '', '', '', '', '')
#51 /home/customer/www/carefree.unbot.com/public_html/wp-includes/shortcodes.php(433): ET_Builder_Element->_render(Array, '[et_pb_column t...', 'et_pb_row')
#52 [internal function]: do_shortcode_tag(Array)
#53 /home/customer/www/carefree.unbot.com/public_html/wp-includes/shortcodes.php(273): preg_replace_callback('/\\[(\\[?)(et_pb_...', 'do_shortcode_ta...', '[et_pb_row _bui...')
#54 /home/customer/www/carefree.unbot.com/public_html/wp-content/themes/Divi/includes/builder/main-structure-elements.php(1606): do_shortcode('[et_pb_row _bui...')
#55 /home/customer/www/carefree.unbot.com/public_html/wp-content/themes/Divi/includes/builder/class-et-builder-element.php(3331): ET_Builder_Section->render(Array, '[et_pb_row _bui...', 'et_pb_section', '', '', '', '', '')
#56 /home/customer/www/carefree.unbot.com/public_html/wp-includes/shortcodes.php(433): ET_Builder_Element->_render(Array, '[et_pb_row _bui...', 'et_pb_section')
#57 [internal function]: do_shortcode_tag(Array)
#58 /home/customer/www/carefree.unbot.com/public_html/wp-includes/shortcodes.php(273): preg_replace_callback('/\\[(\\[?)(et_pb_...', 'do_shortcode_ta...', '<div class="et-...')
#59 /home/customer/www/carefree.unbot.com/public_html/wp-includes/class-wp-hook.php(324): do_shortcode('<div class="et-...')
#60 /home/customer/www/carefree.unbot.com/public_html/wp-includes/plugin.php(205): WP_Hook->apply_filters('<div class="et-...', Array)
#61 /home/customer/www/carefree.unbot.com/public_html/wp-content/themes/Divi/includes/builder/core.php(26): apply_filters('et_builder_rend...', '[et_pb_section ...')
#62 /home/customer/www/carefree.unbot.com/public_html/wp-content/themes/Divi/includes/builder/frontend-builder/theme-builder/frontend.php(347): et_builder_render_layout('[et_pb_section ...')
#63 /home/customer/www/carefree.unbot.com/public_html/wp-content/themes/Divi/includes/builder/frontend-builder/theme-builder/frontend.php(506): et_theme_builder_frontend_render_layout('et_body_layout', 84506)
#64 /home/customer/www/carefree.unbot.com/public_html/wp-content/themes/Divi/includes/builder/frontend-builder/theme-builder/frontend-body-template.php(10): et_theme_builder_frontend_render_body(84506, true, 84502)
#65 /home/customer/www/carefree.unbot.com/public_html/wp-includes/template-loader.php(106): include('/home/customer/...')
#66 /home/customer/www/carefree.unbot.com/public_html/wp-blog-header.php(19): require_once('/home/customer/...')
#67 /home/customer/www/carefree.unbot.com/public_html/index.php(17): require('/home/customer/...')
#68 {main}
  thrown in /home/customer/www/carefree.unbot.com/public_html/wp-content/themes/carefree-of-colorado-divi-child-theme/woocommerce/order/order-details-item.php on line 31

2023-12-15T14:12:31+00:00 CRITICAL Uncaught Error: Call to a member function get_sku() on bool in /home/customer/www/carefree.unbot.com/public_html/wp-content/themes/carefree-of-colorado-divi-child-theme/woocommerce/order/order-details-item.php:31
Stack trace:
#0 /home/customer/www/carefree.unbot.com/public_html/wp-content/plugins/woocommerce/includes/wc-core-functions.php(345): include()
#1 /home/customer/www/carefree.unbot.com/public_html/wp-content/themes/carefree-of-colorado-divi-child-theme/woocommerce/order/order-details.php(72): wc_get_template('order/order-det...', Array)
#2 /home/customer/www/carefree.unbot.com/public_html/wp-content/plugins/woocommerce/includes/wc-core-functions.php(345): include('/home/customer/...')
#3 /home/customer/www/carefree.unbot.com/public_html/wp-content/plugins/woocommerce/includes/wc-template-functions.php(2724): wc_get_template('order/order-det...', Array)
#4 /home/customer/www/carefree.unbot.com/public_html/wp-includes/class-wp-hook.php(324): woocommerce_order_details_table(86381)
#5 /home/customer/www/carefree.unbot.com/public_html/wp-includes/class-wp-hook.php(348): WP_Hook->apply_filters('', Array)
#6 /home/customer/www/carefree.unbot.com/public_html/wp-includes/plugin.php(517): WP_Hook->do_action(Array)
#7 /home/customer/www/carefree.unbot.com/public_html/wp-content/plugins/woocommerce/templates/checkout/thankyou.php(82): do_action('woocommerce_tha...', 86381)
#8 /home/customer/www/carefree.unbot.com/public_html/wp-content/plugins/woocommerce/includes/wc-core-functions.php(345): include('/home/customer/...')
#9 /home/customer/www/carefree.unbot.com/public_html/wp-content/plugins/woocommerce/includes/shortcodes/class-wc-shortcode-checkout.php(324): wc_get_template('checkout/thanky...', Array)
#10 /home/customer/www/carefree.unbot.com/public_html/wp-content/plugins/woocommerce/includes/shortcodes/class-wc-shortcode-checkout.php(63): WC_Shortcode_Checkout::order_received(86381)
#11 /home/customer/www/carefree.unbot.com/public_html/wp-content/themes/Divi/includes/builder/module/woocommerce/CheckoutPaymentInfo.php(606): WC_Shortcode_Checkout::output(Array)
#12 /home/customer/www/carefree.unbot.com/public_html/wp-content/themes/Divi/includes/builder/module/woocommerce/CheckoutPaymentInfo.php(663): ET_Builder_Module_Woocommerce_Checkout_Payment_Info::get_checkout_payment_info(Array)
#13 /home/customer/www/carefree.unbot.com/public_html/wp-content/themes/Divi/includes/builder/class-et-builder-element.php(3331): ET_Builder_Module_Woocommerce_Checkout_Payment_Info->render(Array, '', 'et_pb_wc_checko...', '', '', '', '', '')
#14 /home/customer/www/carefree.unbot.com/public_html/wp-includes/shortcodes.php(433): ET_Builder_Element->_render(Array, '', 'et_pb_wc_checko...')
#15 [internal function]: do_shortcode_tag(Array)
#16 /home/customer/www/carefree.unbot.com/public_html/wp-includes/shortcodes.php(273): preg_replace_callback('/\\[(\\[?)(et_pb_...', 'do_shortcode_ta...', '[et_pb_wc_check...')
#17 /home/customer/www/carefree.unbot.com/public_html/wp-content/themes/Divi/includes/builder/main-structure-elements.php(3784): do_shortcode('[et_pb_wc_check...')
#18 /home/customer/www/carefree.unbot.com/public_html/wp-content/themes/Divi/includes/builder/class-et-builder-element.php(3331): ET_Builder_Column->render(Array, '[et_pb_wc_check...', 'et_pb_column', '', '', '', '', '')
#19 /home/customer/www/carefree.unbot.com/public_html/wp-content/themes/Divi/includes/builder/class-et-builder-element.php(2747): ET_Builder_Element->_render(Array, '[et_pb_wc_check...', 'et_pb_column')
#20 /home/customer/www/carefree.unbot.com/public_html/wp-includes/shortcodes.php(433): ET_Builder_Element->_render(Array, '[et_pb_wc_check...', 'et_pb_column')
#21 [internal function]: do_shortcode_tag(Array)
#22 /home/customer/www/carefree.unbot.com/public_html/wp-includes/shortcodes.php(273): preg_replace_callback('/\\[(\\[?)(et_pb_...', 'do_shortcode_ta...', '[et_pb_column t...')
#23 /home/customer/www/carefree.unbot.com/public_html/wp-content/themes/Divi/includes/builder/main-structure-elements.php(2274): do_shortcode('[et_pb_column t...')
#24 /home/customer/www/carefree.unbot.com/public_html/wp-content/themes/Divi/includes/builder/class-et-builder-element.php(3331): ET_Builder_Row->render(Array, '[et_pb_column t...', 'et_pb_row', '', '', '', '', '')
#25 /home/customer/www/carefree.unbot.com/public_html/wp-content/themes/Divi/includes/builder/class-et-builder-element.php(2747): ET_Builder_Element->_render(Array, '[et_pb_column t...', 'et_pb_row')
#26 /home/customer/www/carefree.unbot.com/public_html/wp-includes/shortcodes.php(433): ET_Builder_Element->_render(Array, '[et_pb_column t...', 'et_pb_row')
#27 [internal function]: do_shortcode_tag(Array)
#28 /home/customer/www/carefree.unbot.com/public_html/wp-includes/shortcodes.php(273): preg_replace_callback('/\\[(\\[?)(et_pb_...', 'do_shortcode_ta...', '[et_pb_row modu...')
#29 /home/customer/www/carefree.unbot.com/public_html/wp-content/themes/Divi/includes/builder/main-structure-elements.php(1606): do_shortcode('[et_pb_row modu...')
#30 /home/customer/www/carefree.unbot.com/public_html/wp-content/themes/Divi/includes/builder/class-et-builder-element.php(3331): ET_Builder_Section->render(Array, '[et_pb_row modu...', 'et_pb_section', '', '', '', '', '')
#31 /home/customer/www/carefree.unbot.com/public_html/wp-content/themes/Divi/includes/builder/class-et-builder-element.php(2747): ET_Builder_Element->_render(Array, '[et_pb_row modu...', 'et_pb_section')
#32 /home/customer/www/carefree.unbot.com/public_html/wp-includes/shortcodes.php(433): ET_Builder_Element->_render(Array, '[et_pb_row modu...', 'et_pb_section')
#33 [internal function]: do_shortcode_tag(Array)
#34 /home/customer/www/carefree.unbot.com/public_html/wp-includes/shortcodes.php(273): preg_replace_callback('/\\[(\\[?)(dateto...', 'do_shortcode_ta...', '<div class="et-...')
#35 /home/customer/www/carefree.unbot.com/public_html/wp-includes/class-wp-hook.php(324): do_shortcode('<div class="et-...')
#36 /home/customer/www/carefree.unbot.com/public_html/wp-includes/plugin.php(205): WP_Hook->apply_filters('<div class="et-...', Array)
#37 /home/customer/www/carefree.unbot.com/public_html/wp-includes/post-template.php(256): apply_filters('the_content', '[et_pb_section ...')
#38 /home/customer/www/carefree.unbot.com/public_html/wp-content/themes/Divi/includes/builder/frontend-builder/theme-builder/frontend.php(658): the_content()
#39 /home/customer/www/carefree.unbot.com/public_html/wp-content/themes/Divi/includes/builder/module/type/PostContent.php(504): et_theme_builder_frontend_render_post_content()
#40 /home/customer/www/carefree.unbot.com/public_html/wp-content/themes/Divi/includes/builder/class-et-builder-element.php(3331): ET_Builder_Module_Type_PostContent->render(Array, '', 'et_pb_post_cont...', '', '', '', '', '')
#41 /home/customer/www/carefree.unbot.com/public_html/wp-includes/shortcodes.php(433): ET_Builder_Element->_render(Array, '', 'et_pb_post_cont...')
#42 [internal function]: do_shortcode_tag(Array)
#43 /home/customer/www/carefree.unbot.com/public_html/wp-includes/shortcodes.php(273): preg_replace_callback('/\\[(\\[?)(et_pb_...', 'do_shortcode_ta...', '[et_pb_post_con...')
#44 /home/customer/www/carefree.unbot.com/public_html/wp-content/themes/Divi/includes/builder/main-structure-elements.php(3784): do_shortcode('[et_pb_post_con...')
#45 /home/customer/www/carefree.unbot.com/public_html/wp-content/themes/Divi/includes/builder/class-et-builder-element.php(3331): ET_Builder_Column->render(Array, '[et_pb_post_con...', 'et_pb_column', '', '', '', '', '')
#46 /home/customer/www/carefree.unbot.com/public_html/wp-includes/shortcodes.php(433): ET_Builder_Element->_render(Array, '[et_pb_post_con...', 'et_pb_column')
#47 [internal function]: do_shortcode_tag(Array)
#48 /home/customer/www/carefree.unbot.com/public_html/wp-includes/shortcodes.php(273): preg_replace_callback('/\\[(\\[?)(et_pb_...', 'do_shortcode_ta...', '[et_pb_column t...')
#49 /home/customer/www/carefree.unbot.com/public_html/wp-content/themes/Divi/includes/builder/main-structure-elements.php(2274): do_shortcode('[et_pb_column t...')
#50 /home/customer/www/carefree.unbot.com/public_html/wp-content/themes/Divi/includes/builder/class-et-builder-element.php(3331): ET_Builder_Row->render(Array, '[et_pb_column t...', 'et_pb_row', '', '', '', '', '')
#51 /home/customer/www/carefree.unbot.com/public_html/wp-includes/shortcodes.php(433): ET_Builder_Element->_render(Array, '[et_pb_column t...', 'et_pb_row')
#52 [internal function]: do_shortcode_tag(Array)
#53 /home/customer/www/carefree.unbot.com/public_html/wp-includes/shortcodes.php(273): preg_replace_callback('/\\[(\\[?)(et_pb_...', 'do_shortcode_ta...', '[et_pb_row _bui...')
#54 /home/customer/www/carefree.unbot.com/public_html/wp-content/themes/Divi/includes/builder/main-structure-elements.php(1606): do_shortcode('[et_pb_row _bui...')
#55 /home/customer/www/carefree.unbot.com/public_html/wp-content/themes/Divi/includes/builder/class-et-builder-element.php(3331): ET_Builder_Section->render(Array, '[et_pb_row _bui...', 'et_pb_section', '', '', '', '', '')
#56 /home/customer/www/carefree.unbot.com/public_html/wp-includes/shortcodes.php(433): ET_Builder_Element->_render(Array, '[et_pb_row _bui...', 'et_pb_section')
#57 [internal function]: do_shortcode_tag(Array)
#58 /home/customer/www/carefree.unbot.com/public_html/wp-includes/shortcodes.php(273): preg_replace_callback('/\\[(\\[?)(et_pb_...', 'do_shortcode_ta...', '<div class="et-...')
#59 /home/customer/www/carefree.unbot.com/public_html/wp-includes/class-wp-hook.php(324): do_shortcode('<div class="et-...')
#60 /home/customer/www/carefree.unbot.com/public_html/wp-includes/plugin.php(205): WP_Hook->apply_filters('<div class="et-...', Array)
#61 /home/customer/www/carefree.unbot.com/public_html/wp-content/themes/Divi/includes/builder/core.php(26): apply_filters('et_builder_rend...', '[et_pb_section ...')
#62 /home/customer/www/carefree.unbot.com/public_html/wp-content/themes/Divi/includes/builder/frontend-builder/theme-builder/frontend.php(347): et_builder_render_layout('[et_pb_section ...')
#63 /home/customer/www/carefree.unbot.com/public_html/wp-content/themes/Divi/includes/builder/frontend-builder/theme-builder/frontend.php(506): et_theme_builder_frontend_render_layout('et_body_layout', 84506)
#64 /home/customer/www/carefree.unbot.com/public_html/wp-content/themes/Divi/includes/builder/frontend-builder/theme-builder/frontend-body-template.php(10): et_theme_builder_frontend_render_body(84506, true, 84502)
#65 /home/customer/www/carefree.unbot.com/public_html/wp-includes/template-loader.php(106): include('/home/customer/...')
#66 /home/customer/www/carefree.unbot.com/public_html/wp-blog-header.php(19): require_once('/home/customer/...')
#67 /home/customer/www/carefree.unbot.com/public_html/index.php(17): require('/home/customer/...')
#68 {main}
  thrown in /home/customer/www/carefree.unbot.com/public_html/wp-content/themes/carefree-of-colorado-divi-child-theme/woocommerce/order/order-details-item.php on line 31

2023-12-15T14:16:21+00:00 CRITICAL Uncaught Error: Call to a member function get_sku() on bool in /home/customer/www/carefree.unbot.com/public_html/wp-content/themes/carefree-of-colorado-divi-child-theme/function-includes/favorite-products.php:11
Stack trace:
#0 /home/customer/www/carefree.unbot.com/public_html/wp-includes/class-wp-hook.php(324): save_purchased_product_details(86381)
#1 /home/customer/www/carefree.unbot.com/public_html/wp-includes/class-wp-hook.php(348): WP_Hook->apply_filters(NULL, Array)
#2 /home/customer/www/carefree.unbot.com/public_html/wp-includes/plugin.php(517): WP_Hook->do_action(Array)
#3 /home/customer/www/carefree.unbot.com/public_html/wp-content/plugins/woocommerce/templates/checkout/thankyou.php(82): do_action('woocommerce_tha...', 86381)
#4 /home/customer/www/carefree.unbot.com/public_html/wp-content/plugins/woocommerce/includes/wc-core-functions.php(345): include('/home/customer/...')
#5 /home/customer/www/carefree.unbot.com/public_html/wp-content/plugins/woocommerce/includes/shortcodes/class-wc-shortcode-checkout.php(324): wc_get_template('checkout/thanky...', Array)
#6 /home/customer/www/carefree.unbot.com/public_html/wp-content/plugins/woocommerce/includes/shortcodes/class-wc-shortcode-checkout.php(63): WC_Shortcode_Checkout::order_received(86381)
#7 /home/customer/www/carefree.unbot.com/public_html/wp-content/themes/Divi/includes/builder/module/woocommerce/CheckoutPaymentInfo.php(606): WC_Shortcode_Checkout::output(Array)
#8 /home/customer/www/carefree.unbot.com/public_html/wp-content/themes/Divi/includes/builder/module/woocommerce/CheckoutPaymentInfo.php(663): ET_Builder_Module_Woocommerce_Checkout_Payment_Info::get_checkout_payment_info(Array)
#9 /home/customer/www/carefree.unbot.com/public_html/wp-content/themes/Divi/includes/builder/class-et-builder-element.php(3331): ET_Builder_Module_Woocommerce_Checkout_Payment_Info->render(Array, '', 'et_pb_wc_checko...', '', '', '', '', '')
#10 /home/customer/www/carefree.unbot.com/public_html/wp-includes/shortcodes.php(433): ET_Builder_Element->_render(Array, '', 'et_pb_wc_checko...')
#11 [internal function]: do_shortcode_tag(Array)
#12 /home/customer/www/carefree.unbot.com/public_html/wp-includes/shortcodes.php(273): preg_replace_callback('/\\[(\\[?)(et_pb_...', 'do_shortcode_ta...', '[et_pb_wc_check...')
#13 /home/customer/www/carefree.unbot.com/public_html/wp-content/themes/Divi/includes/builder/main-structure-elements.php(3784): do_shortcode('[et_pb_wc_check...')
#14 /home/customer/www/carefree.unbot.com/public_html/wp-content/themes/Divi/includes/builder/class-et-builder-element.php(3331): ET_Builder_Column->render(Array, '[et_pb_wc_check...', 'et_pb_column', '', '', '', '', '')
#15 /home/customer/www/carefree.unbot.com/public_html/wp-content/themes/Divi/includes/builder/class-et-builder-element.php(2747): ET_Builder_Element->_render(Array, '[et_pb_wc_check...', 'et_pb_column')
#16 /home/customer/www/carefree.unbot.com/public_html/wp-includes/shortcodes.php(433): ET_Builder_Element->_render(Array, '[et_pb_wc_check...', 'et_pb_column')
#17 [internal function]: do_shortcode_tag(Array)
#18 /home/customer/www/carefree.unbot.com/public_html/wp-includes/shortcodes.php(273): preg_replace_callback('/\\[(\\[?)(et_pb_...', 'do_shortcode_ta...', '[et_pb_column t...')
#19 /home/customer/www/carefree.unbot.com/public_html/wp-content/themes/Divi/includes/builder/main-structure-elements.php(2274): do_shortcode('[et_pb_column t...')
#20 /home/customer/www/carefree.unbot.com/public_html/wp-content/themes/Divi/includes/builder/class-et-builder-element.php(3331): ET_Builder_Row->render(Array, '[et_pb_column t...', 'et_pb_row', '', '', '', '', '')
#21 /home/customer/www/carefree.unbot.com/public_html/wp-content/themes/Divi/includes/builder/class-et-builder-element.php(2747): ET_Builder_Element->_render(Array, '[et_pb_column t...', 'et_pb_row')
#22 /home/customer/www/carefree.unbot.com/public_html/wp-includes/shortcodes.php(433): ET_Builder_Element->_render(Array, '[et_pb_column t...', 'et_pb_row')
#23 [internal function]: do_shortcode_tag(Array)
#24 /home/customer/www/carefree.unbot.com/public_html/wp-includes/shortcodes.php(273): preg_replace_callback('/\\[(\\[?)(et_pb_...', 'do_shortcode_ta...', '[et_pb_row modu...')
#25 /home/customer/www/carefree.unbot.com/public_html/wp-content/themes/Divi/includes/builder/main-structure-elements.php(1606): do_shortcode('[et_pb_row modu...')
#26 /home/customer/www/carefree.unbot.com/public_html/wp-content/themes/Divi/includes/builder/class-et-builder-element.php(3331): ET_Builder_Section->render(Array, '[et_pb_row modu...', 'et_pb_section', '', '', '', '', '')
#27 /home/customer/www/carefree.unbot.com/public_html/wp-content/themes/Divi/includes/builder/class-et-builder-element.php(2747): ET_Builder_Element->_render(Array, '[et_pb_row modu...', 'et_pb_section')
#28 /home/customer/www/carefree.unbot.com/public_html/wp-includes/shortcodes.php(433): ET_Builder_Element->_render(Array, '[et_pb_row modu...', 'et_pb_section')
#29 [internal function]: do_shortcode_tag(Array)
#30 /home/customer/www/carefree.unbot.com/public_html/wp-includes/shortcodes.php(273): preg_replace_callback('/\\[(\\[?)(dateto...', 'do_shortcode_ta...', '<div class="et-...')
#31 /home/customer/www/carefree.unbot.com/public_html/wp-includes/class-wp-hook.php(324): do_shortcode('<div class="et-...')
#32 /home/customer/www/carefree.unbot.com/public_html/wp-includes/plugin.php(205): WP_Hook->apply_filters('<div class="et-...', Array)
#33 /home/customer/www/carefree.unbot.com/public_html/wp-includes/post-template.php(256): apply_filters('the_content', '[et_pb_section ...')
#34 /home/customer/www/carefree.unbot.com/public_html/wp-content/themes/Divi/includes/builder/frontend-builder/theme-builder/frontend.php(658): the_content()
#35 /home/customer/www/carefree.unbot.com/public_html/wp-content/themes/Divi/includes/builder/module/type/PostContent.php(504): et_theme_builder_frontend_render_post_content()
#36 /home/customer/www/carefree.unbot.com/public_html/wp-content/themes/Divi/includes/builder/class-et-builder-element.php(3331): ET_Builder_Module_Type_PostContent->render(Array, '', 'et_pb_post_cont...', '', '', '', '', '')
#37 /home/customer/www/carefree.unbot.com/public_html/wp-includes/shortcodes.php(433): ET_Builder_Element->_render(Array, '', 'et_pb_post_cont...')
#38 [internal function]: do_shortcode_tag(Array)
#39 /home/customer/www/carefree.unbot.com/public_html/wp-includes/shortcodes.php(273): preg_replace_callback('/\\[(\\[?)(et_pb_...', 'do_shortcode_ta...', '[et_pb_post_con...')
#40 /home/customer/www/carefree.unbot.com/public_html/wp-content/themes/Divi/includes/builder/main-structure-elements.php(3784): do_shortcode('[et_pb_post_con...')
#41 /home/customer/www/carefree.unbot.com/public_html/wp-content/themes/Divi/includes/builder/class-et-builder-element.php(3331): ET_Builder_Column->render(Array, '[et_pb_post_con...', 'et_pb_column', '', '', '', '', '')
#42 /home/customer/www/carefree.unbot.com/public_html/wp-includes/shortcodes.php(433): ET_Builder_Element->_render(Array, '[et_pb_post_con...', 'et_pb_column')
#43 [internal function]: do_shortcode_tag(Array)
#44 /home/customer/www/carefree.unbot.com/public_html/wp-includes/shortcodes.php(273): preg_replace_callback('/\\[(\\[?)(et_pb_...', 'do_shortcode_ta...', '[et_pb_column t...')
#45 /home/customer/www/carefree.unbot.com/public_html/wp-content/themes/Divi/includes/builder/main-structure-elements.php(2274): do_shortcode('[et_pb_column t...')
#46 /home/customer/www/carefree.unbot.com/public_html/wp-content/themes/Divi/includes/builder/class-et-builder-element.php(3331): ET_Builder_Row->render(Array, '[et_pb_column t...', 'et_pb_row', '', '', '', '', '')
#47 /home/customer/www/carefree.unbot.com/public_html/wp-includes/shortcodes.php(433): ET_Builder_Element->_render(Array, '[et_pb_column t...', 'et_pb_row')
#48 [internal function]: do_shortcode_tag(Array)
#49 /home/customer/www/carefree.unbot.com/public_html/wp-includes/shortcodes.php(273): preg_replace_callback('/\\[(\\[?)(et_pb_...', 'do_shortcode_ta...', '[et_pb_row _bui...')
#50 /home/customer/www/carefree.unbot.com/public_html/wp-content/themes/Divi/includes/builder/main-structure-elements.php(1606): do_shortcode('[et_pb_row _bui...')
#51 /home/customer/www/carefree.unbot.com/public_html/wp-content/themes/Divi/includes/builder/class-et-builder-element.php(3331): ET_Builder_Section->render(Array, '[et_pb_row _bui...', 'et_pb_section', '', '', '', '', '')
#52 /home/customer/www/carefree.unbot.com/public_html/wp-includes/shortcodes.php(433): ET_Builder_Element->_render(Array, '[et_pb_row _bui...', 'et_pb_section')
#53 [internal function]: do_shortcode_tag(Array)
#54 /home/customer/www/carefree.unbot.com/public_html/wp-includes/shortcodes.php(273): preg_replace_callback('/\\[(\\[?)(et_pb_...', 'do_shortcode_ta...', '<div class="et-...')
#55 /home/customer/www/carefree.unbot.com/public_html/wp-includes/class-wp-hook.php(324): do_shortcode('<div class="et-...')
#56 /home/customer/www/carefree.unbot.com/public_html/wp-includes/plugin.php(205): WP_Hook->apply_filters('<div class="et-...', Array)
#57 /home/customer/www/carefree.unbot.com/public_html/wp-content/themes/Divi/includes/builder/core.php(26): apply_filters('et_builder_rend...', '[et_pb_section ...')
#58 /home/customer/www/carefree.unbot.com/public_html/wp-content/themes/Divi/includes/builder/frontend-builder/theme-builder/frontend.php(347): et_builder_render_layout('[et_pb_section ...')
#59 /home/customer/www/carefree.unbot.com/public_html/wp-content/themes/Divi/includes/builder/frontend-builder/theme-builder/frontend.php(506): et_theme_builder_frontend_render_layout('et_body_layout', 84506)
#60 /home/customer/www/carefree.unbot.com/public_html/wp-content/themes/Divi/includes/builder/frontend-builder/theme-builder/frontend-body-template.php(10): et_theme_builder_frontend_render_body(84506, true, 84502)
#61 /home/customer/www/carefree.unbot.com/public_html/wp-includes/template-loader.php(106): include('/home/customer/...')
#62 /home/customer/www/carefree.unbot.com/public_html/wp-blog-header.php(19): require_once('/home/customer/...')
#63 /home/customer/www/carefree.unbot.com/public_html/index.php(17): require('/home/customer/...')
#64 {main}
  thrown in /home/customer/www/carefree.unbot.com/public_html/wp-content/themes/carefree-of-colorado-divi-child-theme/function-includes/favorite-products.php on line 11

2023-12-15T14:36:14+00:00 CRITICAL Uncaught Error: Call to a member function get_sku() on bool in /home/customer/www/carefree.unbot.com/public_html/wp-content/themes/carefree-of-colorado-divi-child-theme/function-includes/favorite-products.php:11
Stack trace:
#0 /home/customer/www/carefree.unbot.com/public_html/wp-includes/class-wp-hook.php(324): save_purchased_product_details(86384)
#1 /home/customer/www/carefree.unbot.com/public_html/wp-includes/class-wp-hook.php(348): WP_Hook->apply_filters(NULL, Array)
#2 /home/customer/www/carefree.unbot.com/public_html/wp-includes/plugin.php(517): WP_Hook->do_action(Array)
#3 /home/customer/www/carefree.unbot.com/public_html/wp-content/plugins/woocommerce/templates/checkout/thankyou.php(82): do_action('woocommerce_tha...', 86384)
#4 /home/customer/www/carefree.unbot.com/public_html/wp-content/plugins/woocommerce/includes/wc-core-functions.php(345): include('/home/customer/...')
#5 /home/customer/www/carefree.unbot.com/public_html/wp-content/plugins/woocommerce/includes/shortcodes/class-wc-shortcode-checkout.php(324): wc_get_template('checkout/thanky...', Array)
#6 /home/customer/www/carefree.unbot.com/public_html/wp-content/plugins/woocommerce/includes/shortcodes/class-wc-shortcode-checkout.php(63): WC_Shortcode_Checkout::order_received(86384)
#7 /home/customer/www/carefree.unbot.com/public_html/wp-content/themes/Divi/includes/builder/module/woocommerce/CheckoutPaymentInfo.php(606): WC_Shortcode_Checkout::output(Array)
#8 /home/customer/www/carefree.unbot.com/public_html/wp-content/themes/Divi/includes/builder/module/woocommerce/CheckoutPaymentInfo.php(663): ET_Builder_Module_Woocommerce_Checkout_Payment_Info::get_checkout_payment_info(Array)
#9 /home/customer/www/carefree.unbot.com/public_html/wp-content/themes/Divi/includes/builder/class-et-builder-element.php(3331): ET_Builder_Module_Woocommerce_Checkout_Payment_Info->render(Array, '', 'et_pb_wc_checko...', '', '', '', '', '')
#10 /home/customer/www/carefree.unbot.com/public_html/wp-includes/shortcodes.php(433): ET_Builder_Element->_render(Array, '', 'et_pb_wc_checko...')
#11 [internal function]: do_shortcode_tag(Array)
#12 /home/customer/www/carefree.unbot.com/public_html/wp-includes/shortcodes.php(273): preg_replace_callback('/\\[(\\[?)(et_pb_...', 'do_shortcode_ta...', '[et_pb_wc_check...')
#13 /home/customer/www/carefree.unbot.com/public_html/wp-content/themes/Divi/includes/builder/main-structure-elements.php(3784): do_shortcode('[et_pb_wc_check...')
#14 /home/customer/www/carefree.unbot.com/public_html/wp-content/themes/Divi/includes/builder/class-et-builder-element.php(3331): ET_Builder_Column->render(Array, '[et_pb_wc_check...', 'et_pb_column', '', '', '', '', '')
#15 /home/customer/www/carefree.unbot.com/public_html/wp-content/themes/Divi/includes/builder/class-et-builder-element.php(2747): ET_Builder_Element->_render(Array, '[et_pb_wc_check...', 'et_pb_column')
#16 /home/customer/www/carefree.unbot.com/public_html/wp-includes/shortcodes.php(433): ET_Builder_Element->_render(Array, '[et_pb_wc_check...', 'et_pb_column')
#17 [internal function]: do_shortcode_tag(Array)
#18 /home/customer/www/carefree.unbot.com/public_html/wp-includes/shortcodes.php(273): preg_replace_callback('/\\[(\\[?)(et_pb_...', 'do_shortcode_ta...', '[et_pb_column t...')
#19 /home/customer/www/carefree.unbot.com/public_html/wp-content/themes/Divi/includes/builder/main-structure-elements.php(2274): do_shortcode('[et_pb_column t...')
#20 /home/customer/www/carefree.unbot.com/public_html/wp-content/themes/Divi/includes/builder/class-et-builder-element.php(3331): ET_Builder_Row->render(Array, '[et_pb_column t...', 'et_pb_row', '', '', '', '', '')
#21 /home/customer/www/carefree.unbot.com/public_html/wp-content/themes/Divi/includes/builder/class-et-builder-element.php(2747): ET_Builder_Element->_render(Array, '[et_pb_column t...', 'et_pb_row')
#22 /home/customer/www/carefree.unbot.com/public_html/wp-includes/shortcodes.php(433): ET_Builder_Element->_render(Array, '[et_pb_column t...', 'et_pb_row')
#23 [internal function]: do_shortcode_tag(Array)
#24 /home/customer/www/carefree.unbot.com/public_html/wp-includes/shortcodes.php(273): preg_replace_callback('/\\[(\\[?)(et_pb_...', 'do_shortcode_ta...', '[et_pb_row modu...')
#25 /home/customer/www/carefree.unbot.com/public_html/wp-content/themes/Divi/includes/builder/main-structure-elements.php(1606): do_shortcode('[et_pb_row modu...')
#26 /home/customer/www/carefree.unbot.com/public_html/wp-content/themes/Divi/includes/builder/class-et-builder-element.php(3331): ET_Builder_Section->render(Array, '[et_pb_row modu...', 'et_pb_section', '', '', '', '', '')
#27 /home/customer/www/carefree.unbot.com/public_html/wp-content/themes/Divi/includes/builder/class-et-builder-element.php(2747): ET_Builder_Element->_render(Array, '[et_pb_row modu...', 'et_pb_section')
#28 /home/customer/www/carefree.unbot.com/public_html/wp-includes/shortcodes.php(433): ET_Builder_Element->_render(Array, '[et_pb_row modu...', 'et_pb_section')
#29 [internal function]: do_shortcode_tag(Array)
#30 /home/customer/www/carefree.unbot.com/public_html/wp-includes/shortcodes.php(273): preg_replace_callback('/\\[(\\[?)(dateto...', 'do_shortcode_ta...', '<div class="et-...')
#31 /home/customer/www/carefree.unbot.com/public_html/wp-includes/class-wp-hook.php(324): do_shortcode('<div class="et-...')
#32 /home/customer/www/carefree.unbot.com/public_html/wp-includes/plugin.php(205): WP_Hook->apply_filters('<div class="et-...', Array)
#33 /home/customer/www/carefree.unbot.com/public_html/wp-includes/post-template.php(256): apply_filters('the_content', '[et_pb_section ...')
#34 /home/customer/www/carefree.unbot.com/public_html/wp-content/themes/Divi/includes/builder/frontend-builder/theme-builder/frontend.php(658): the_content()
#35 /home/customer/www/carefree.unbot.com/public_html/wp-content/themes/Divi/includes/builder/module/type/PostContent.php(504): et_theme_builder_frontend_render_post_content()
#36 /home/customer/www/carefree.unbot.com/public_html/wp-content/themes/Divi/includes/builder/class-et-builder-element.php(3331): ET_Builder_Module_Type_PostContent->render(Array, '', 'et_pb_post_cont...', '', '', '', '', '')
#37 /home/customer/www/carefree.unbot.com/public_html/wp-includes/shortcodes.php(433): ET_Builder_Element->_render(Array, '', 'et_pb_post_cont...')
#38 [internal function]: do_shortcode_tag(Array)
#39 /home/customer/www/carefree.unbot.com/public_html/wp-includes/shortcodes.php(273): preg_replace_callback('/\\[(\\[?)(et_pb_...', 'do_shortcode_ta...', '[et_pb_post_con...')
#40 /home/customer/www/carefree.unbot.com/public_html/wp-content/themes/Divi/includes/builder/main-structure-elements.php(3784): do_shortcode('[et_pb_post_con...')
#41 /home/customer/www/carefree.unbot.com/public_html/wp-content/themes/Divi/includes/builder/class-et-builder-element.php(3331): ET_Builder_Column->render(Array, '[et_pb_post_con...', 'et_pb_column', '', '', '', '', '')
#42 /home/customer/www/carefree.unbot.com/public_html/wp-includes/shortcodes.php(433): ET_Builder_Element->_render(Array, '[et_pb_post_con...', 'et_pb_column')
#43 [internal function]: do_shortcode_tag(Array)
#44 /home/customer/www/carefree.unbot.com/public_html/wp-includes/shortcodes.php(273): preg_replace_callback('/\\[(\\[?)(et_pb_...', 'do_shortcode_ta...', '[et_pb_column t...')
#45 /home/customer/www/carefree.unbot.com/public_html/wp-content/themes/Divi/includes/builder/main-structure-elements.php(2274): do_shortcode('[et_pb_column t...')
#46 /home/customer/www/carefree.unbot.com/public_html/wp-content/themes/Divi/includes/builder/class-et-builder-element.php(3331): ET_Builder_Row->render(Array, '[et_pb_column t...', 'et_pb_row', '', '', '', '', '')
#47 /home/customer/www/carefree.unbot.com/public_html/wp-includes/shortcodes.php(433): ET_Builder_Element->_render(Array, '[et_pb_column t...', 'et_pb_row')
#48 [internal function]: do_shortcode_tag(Array)
#49 /home/customer/www/carefree.unbot.com/public_html/wp-includes/shortcodes.php(273): preg_replace_callback('/\\[(\\[?)(et_pb_...', 'do_shortcode_ta...', '[et_pb_row _bui...')
#50 /home/customer/www/carefree.unbot.com/public_html/wp-content/themes/Divi/includes/builder/main-structure-elements.php(1606): do_shortcode('[et_pb_row _bui...')
#51 /home/customer/www/carefree.unbot.com/public_html/wp-content/themes/Divi/includes/builder/class-et-builder-element.php(3331): ET_Builder_Section->render(Array, '[et_pb_row _bui...', 'et_pb_section', '', '', '', '', '')
#52 /home/customer/www/carefree.unbot.com/public_html/wp-includes/shortcodes.php(433): ET_Builder_Element->_render(Array, '[et_pb_row _bui...', 'et_pb_section')
#53 [internal function]: do_shortcode_tag(Array)
#54 /home/customer/www/carefree.unbot.com/public_html/wp-includes/shortcodes.php(273): preg_replace_callback('/\\[(\\[?)(et_pb_...', 'do_shortcode_ta...', '<div class="et-...')
#55 /home/customer/www/carefree.unbot.com/public_html/wp-includes/class-wp-hook.php(324): do_shortcode('<div class="et-...')
#56 /home/customer/www/carefree.unbot.com/public_html/wp-includes/plugin.php(205): WP_Hook->apply_filters('<div class="et-...', Array)
#57 /home/customer/www/carefree.unbot.com/public_html/wp-content/themes/Divi/includes/builder/core.php(26): apply_filters('et_builder_rend...', '[et_pb_section ...')
#58 /home/customer/www/carefree.unbot.com/public_html/wp-content/themes/Divi/includes/builder/frontend-builder/theme-builder/frontend.php(347): et_builder_render_layout('[et_pb_section ...')
#59 /home/customer/www/carefree.unbot.com/public_html/wp-content/themes/Divi/includes/builder/frontend-builder/theme-builder/frontend.php(506): et_theme_builder_frontend_render_layout('et_body_layout', 84506)
#60 /home/customer/www/carefree.unbot.com/public_html/wp-content/themes/Divi/includes/builder/frontend-builder/theme-builder/frontend-body-template.php(10): et_theme_builder_frontend_render_body(84506, true, 84502)
#61 /home/customer/www/carefree.unbot.com/public_html/wp-includes/template-loader.php(106): include('/home/customer/...')
#62 /home/customer/www/carefree.unbot.com/public_html/wp-blog-header.php(19): require_once('/home/customer/...')
#63 /home/customer/www/carefree.unbot.com/public_html/index.php(17): require('/home/customer/...')
#64 {main}
  thrown in /home/customer/www/carefree.unbot.com/public_html/wp-content/themes/carefree-of-colorado-divi-child-theme/function-includes/favorite-products.php on line 11

